{"C:\\Users\\Sophismata\\Desktop\\Laboratoria\\Proyecto-dos\\cdmx-2019-01-bc-core-data-lovers\\src\\data.js": {"path":"C:\\Users\\Sophismata\\Desktop\\Laboratoria\\Proyecto-dos\\cdmx-2019-01-bc-core-data-lovers\\src\\data.js","statementMap":{"0":{"start":{"line":2,"column":0},"end":{"line":25,"column":2}},"1":{"start":{"line":4,"column":24},"end":{"line":4,"column":50}},"2":{"start":{"line":5,"column":2},"end":{"line":5,"column":25}},"3":{"start":{"line":8,"column":17},"end":{"line":8,"column":19}},"4":{"start":{"line":9,"column":4},"end":{"line":14,"column":7}},"5":{"start":{"line":10,"column":6},"end":{"line":13,"column":7}},"6":{"start":{"line":11,"column":8},"end":{"line":11,"column":29}},"7":{"start":{"line":12,"column":8},"end":{"line":12,"column":22}},"8":{"start":{"line":15,"column":4},"end":{"line":15,"column":18}},"9":{"start":{"line":18,"column":6},"end":{"line":22,"column":7}},"10":{"start":{"line":19,"column":8},"end":{"line":19,"column":46}},"11":{"start":{"line":19,"column":34},"end":{"line":19,"column":44}},"12":{"start":{"line":20,"column":13},"end":{"line":22,"column":7}},"13":{"start":{"line":21,"column":8},"end":{"line":21,"column":47}},"14":{"start":{"line":21,"column":35},"end":{"line":21,"column":44}},"15":{"start":{"line":23,"column":4},"end":{"line":23,"column":24}}},"fnMap":{"0":{"name":"(anonymous_0)","decl":{"start":{"line":3,"column":17},"end":{"line":3,"column":18}},"loc":{"start":{"line":3,"column":38},"end":{"line":6,"column":3}},"line":3},"1":{"name":"(anonymous_1)","decl":{"start":{"line":7,"column":17},"end":{"line":7,"column":18}},"loc":{"start":{"line":7,"column":37},"end":{"line":16,"column":3}},"line":7},"2":{"name":"(anonymous_2)","decl":{"start":{"line":9,"column":17},"end":{"line":9,"column":18}},"loc":{"start":{"line":9,"column":27},"end":{"line":14,"column":5}},"line":9},"3":{"name":"(anonymous_3)","decl":{"start":{"line":17,"column":22},"end":{"line":17,"column":23}},"loc":{"start":{"line":17,"column":52},"end":{"line":24,"column":3}},"line":17},"4":{"name":"(anonymous_4)","decl":{"start":{"line":19,"column":27},"end":{"line":19,"column":28}},"loc":{"start":{"line":19,"column":34},"end":{"line":19,"column":44}},"line":19},"5":{"name":"(anonymous_5)","decl":{"start":{"line":21,"column":27},"end":{"line":21,"column":28}},"loc":{"start":{"line":21,"column":35},"end":{"line":21,"column":44}},"line":21}},"branchMap":{"0":{"loc":{"start":{"line":10,"column":6},"end":{"line":13,"column":7}},"type":"if","locations":[{"start":{"line":10,"column":6},"end":{"line":13,"column":7}},{"start":{"line":10,"column":6},"end":{"line":13,"column":7}}],"line":10},"1":{"loc":{"start":{"line":18,"column":6},"end":{"line":22,"column":7}},"type":"if","locations":[{"start":{"line":18,"column":6},"end":{"line":22,"column":7}},{"start":{"line":18,"column":6},"end":{"line":22,"column":7}}],"line":18},"2":{"loc":{"start":{"line":20,"column":13},"end":{"line":22,"column":7}},"type":"if","locations":[{"start":{"line":20,"column":13},"end":{"line":22,"column":7}},{"start":{"line":20,"column":13},"end":{"line":22,"column":7}}],"line":20}},"s":{"0":1,"1":0,"2":0,"3":0,"4":0,"5":0,"6":0,"7":0,"8":0,"9":0,"10":0,"11":0,"12":0,"13":0,"14":0,"15":0},"f":{"0":0,"1":0,"2":0,"3":0,"4":0,"5":0},"b":{"0":[0,0],"1":[0,0],"2":[0,0]},"_coverageSchema":"332fd63041d2c1bcb487cc26dd0d5f7d97098a6c","hash":"68a4a5fa96f258d5fa2392f34256bd3781d04625"}
}
