TN:
SF:C:\Users\Sophismata\Desktop\Laboratoria\Proyecto-dos\cdmx-2019-01-bc-core-data-lovers\src\data.js
FN:3,(anonymous_0)
FN:7,(anonymous_1)
FN:9,(anonymous_2)
FN:17,(anonymous_3)
FN:19,(anonymous_4)
FN:21,(anonymous_5)
FNF:6
FNH:3
FNDA:1,(anonymous_0)
FNDA:0,(anonymous_1)
FNDA:0,(anonymous_2)
FNDA:1,(anonymous_3)
FNDA:0,(anonymous_4)
FNDA:261,(anonymous_5)
DA:2,1
DA:4,1
DA:5,1
DA:8,0
DA:9,0
DA:10,0
DA:11,0
DA:12,0
DA:15,0
DA:18,1
DA:19,0
DA:20,1
DA:21,261
DA:23,1
LF:14
LH:7
BRDA:10,0,0,0
BRDA:10,0,1,0
BRDA:18,1,0,0
BRDA:18,1,1,1
BRDA:20,2,0,1
BRDA:20,2,1,0
BRF:6
BRH:2
end_of_record
